  traversalServer.c
C:\Users\foxyf\source\repos\Visionary-Interactive\SeeingTraversalServer\src\nbnet.h(2198,25): warning C4244: 'initializing': conversion from 'double' to 'unsigned int', possible loss of data
  (compiling source file 'src/traversalServer.c')
  
C:\Users\foxyf\source\repos\Visionary-Interactive\SeeingTraversalServer\src\nbnet.h(2199,17): warning C4244: 'initializing': conversion from 'float' to 'int', possible loss of data
  (compiling source file 'src/traversalServer.c')
  
C:\Users\foxyf\source\repos\Visionary-Interactive\SeeingTraversalServer\src\nbnet.h(2200,17): warning C4244: 'initializing': conversion from 'float' to 'int', possible loss of data
  (compiling source file 'src/traversalServer.c')
  
C:\Users\foxyf\source\repos\Visionary-Interactive\SeeingTraversalServer\src\nbnet.h(2363,25): warning C4244: 'initializing': conversion from 'double' to 'unsigned int', possible loss of data
  (compiling source file 'src/traversalServer.c')
  
C:\Users\foxyf\source\repos\Visionary-Interactive\SeeingTraversalServer\src\nbnet.h(2364,17): warning C4244: 'initializing': conversion from 'float' to 'int', possible loss of data
  (compiling source file 'src/traversalServer.c')
  
C:\Users\foxyf\source\repos\Visionary-Interactive\SeeingTraversalServer\src\nbnet.h(2365,17): warning C4244: 'initializing': conversion from 'float' to 'int', possible loss of data
  (compiling source file 'src/traversalServer.c')
  
C:\Users\foxyf\source\repos\Visionary-Interactive\SeeingTraversalServer\src\nbnet.h(2366,24): warning C4244: 'initializing': conversion from 'float' to 'int', possible loss of data
  (compiling source file 'src/traversalServer.c')
  
C:\Users\foxyf\source\repos\Visionary-Interactive\SeeingTraversalServer\src\nbnet.h(2493,25): warning C4244: 'initializing': conversion from 'double' to 'unsigned int', possible loss of data
  (compiling source file 'src/traversalServer.c')
  
C:\Users\foxyf\source\repos\Visionary-Interactive\SeeingTraversalServer\src\nbnet.h(2494,17): warning C4244: 'initializing': conversion from 'float' to 'int', possible loss of data
  (compiling source file 'src/traversalServer.c')
  
C:\Users\foxyf\source\repos\Visionary-Interactive\SeeingTraversalServer\src\nbnet.h(2495,17): warning C4244: 'initializing': conversion from 'float' to 'int', possible loss of data
  (compiling source file 'src/traversalServer.c')
  
C:\Users\foxyf\source\repos\Visionary-Interactive\SeeingTraversalServer\src\nbnet.h(2496,24): warning C4244: 'initializing': conversion from 'float' to 'int', possible loss of data
  (compiling source file 'src/traversalServer.c')
  
C:\Users\foxyf\source\repos\Visionary-Interactive\SeeingTraversalServer\src\nbnet.h(2883,25): warning C4267: 'initializing': conversion from 'size_t' to 'int', possible loss of data
  (compiling source file 'src/traversalServer.c')
  
C:\Users\foxyf\source\repos\Visionary-Interactive\SeeingTraversalServer\src\nbnet.h(3152,79): warning C4244: 'function': conversion from 'double' to 'float', possible loss of data
  (compiling source file 'src/traversalServer.c')
  
C:\Users\foxyf\source\repos\Visionary-Interactive\SeeingTraversalServer\src\nbnet.h(3521,56): warning C4244: 'initializing': conversion from 'double' to 'float', possible loss of data
  (compiling source file 'src/traversalServer.c')
  
C:\Users\foxyf\source\repos\Visionary-Interactive\SeeingTraversalServer\src\nbnet.h(3551,38): warning C4244: '=': conversion from 'double' to 'float', possible loss of data
  (compiling source file 'src/traversalServer.c')
  
  SeeingTraversalServer.vcxproj -> C:\Users\foxyf\source\repos\Visionary-Interactive\SeeingTraversalServer\bin\Debug\SeeingTraversalServer.exe
